Using pre-set license
Built from '2021.3/staging' branch; Version is '2021.3.13f1 (9e7d58001ecf) revision 10386776'; Using compiler version '192829333'; Build Type 'Release'
OS: 'Windows 10  (10.0.19045) 64bit Core' Language: 'en' Physical Memory: 16168 MB
BatchMode: 1, IsHumanControllingUs: 0, StartBugReporterOnCrash: 0, Is64bit: 1, IsPro: 1

COMMAND LINE ARGUMENTS:
C:\Program Files\Unity\Hub\Editor\2021.3.13f1\Editor\Unity.exe
-adb2
-batchMode
-noUpm
-name
AssetImportWorker2
-projectPath
C:/Users/aquil/unity/hci - Copy - Copy
-logFile
Logs/AssetImportWorker2.log
-srvPort
64491
Successfully changed project path to: C:/Users/aquil/unity/hci - Copy - Copy
C:/Users/aquil/unity/hci - Copy - Copy
[UnityMemory] Configuration Parameters - Can be set up in boot.config
    "memorysetup-bucket-allocator-granularity=16"
    "memorysetup-bucket-allocator-bucket-count=8"
    "memorysetup-bucket-allocator-block-size=33554432"
    "memorysetup-bucket-allocator-block-count=8"
    "memorysetup-main-allocator-block-size=16777216"
    "memorysetup-thread-allocator-block-size=16777216"
    "memorysetup-gfx-main-allocator-block-size=16777216"
    "memorysetup-gfx-thread-allocator-block-size=16777216"
    "memorysetup-cache-allocator-block-size=4194304"
    "memorysetup-typetree-allocator-block-size=2097152"
    "memorysetup-profiler-bucket-allocator-granularity=16"
    "memorysetup-profiler-bucket-allocator-bucket-count=8"
    "memorysetup-profiler-bucket-allocator-block-size=33554432"
    "memorysetup-profiler-bucket-allocator-block-count=8"
    "memorysetup-profiler-allocator-block-size=16777216"
    "memorysetup-profiler-editor-allocator-block-size=1048576"
    "memorysetup-temp-allocator-size-main=16777216"
    "memorysetup-job-temp-allocator-block-size=2097152"
    "memorysetup-job-temp-allocator-block-size-background=1048576"
    "memorysetup-job-temp-allocator-reduction-small-platforms=262144"
    "memorysetup-temp-allocator-size-background-worker=32768"
    "memorysetup-temp-allocator-size-job-worker=262144"
    "memorysetup-temp-allocator-size-preload-manager=33554432"
    "memorysetup-temp-allocator-size-nav-mesh-worker=65536"
    "memorysetup-temp-allocator-size-audio-worker=65536"
    "memorysetup-temp-allocator-size-cloud-worker=32768"
    "memorysetup-temp-allocator-size-gi-baking-worker=262144"
    "memorysetup-temp-allocator-size-gfx=262144"
Refreshing native plugins compatible for Editor in 104.75 ms, found 9 plugins.
Preloading 0 native plugins for Editor in 0.00 ms.
Initialize engine version: 2021.3.13f1 (9e7d58001ecf)
[Subsystems] Discovering subsystems at path C:/Program Files/Unity/Hub/Editor/2021.3.13f1/Editor/Data/Resources/UnitySubsystems
[Subsystems] Discovering subsystems at path C:/Users/aquil/unity/hci - Copy - Copy/Assets
GfxDevice: creating device client; threaded=0; jobified=0
Direct3D:
    Version:  Direct3D 11.0 [level 11.1]
    Renderer: NVIDIA GeForce RTX 2070 Super (ID=0x1e91)
    Vendor:   NVIDIA
    VRAM:     8003 MB
    Driver:   31.0.15.2647
Initialize mono
Mono path[0] = 'C:/Program Files/Unity/Hub/Editor/2021.3.13f1/Editor/Data/Managed'
Mono path[1] = 'C:/Program Files/Unity/Hub/Editor/2021.3.13f1/Editor/Data/MonoBleedingEdge/lib/mono/unityjit-win32'
Mono config path = 'C:/Program Files/Unity/Hub/Editor/2021.3.13f1/Editor/Data/MonoBleedingEdge/etc'
Using monoOptions --debugger-agent=transport=dt_socket,embedding=1,server=y,suspend=n,address=127.0.0.1:56336
Begin MonoManager ReloadAssembly
Registering precompiled unity dll's ...
Register platform support module: C:/Program Files/Unity/Hub/Editor/2021.3.13f1/Editor/Data/PlaybackEngines/WebGLSupport/UnityEditor.WebGL.Extensions.dll
Register platform support module: C:/Program Files/Unity/Hub/Editor/2021.3.13f1/Editor/Data/PlaybackEngines/WindowsStandaloneSupport/UnityEditor.WindowsStandalone.Extensions.dll
Registered in 0.033396 seconds.
Native extension for WindowsStandalone target not found
Native extension for WebGL target not found
Refreshing native plugins compatible for Editor in 102.51 ms, found 9 plugins.
Preloading 0 native plugins for Editor in 0.00 ms.
Mono: successfully reloaded assembly
- Completed reload, in  0.946 seconds
Domain Reload Profiling:
	ReloadAssembly (946ms)
		BeginReloadAssembly (295ms)
			ExecutionOrderSort (0ms)
			DisableScriptedObjects (0ms)
			BackupInstance (0ms)
			ReleaseScriptingObjects (0ms)
			CreateAndSetChildDomain (1ms)
		EndReloadAssembly (511ms)
			LoadAssemblies (293ms)
			RebuildTransferFunctionScriptingTraits (0ms)
			SetupTypeCache (134ms)
			ReleaseScriptCaches (0ms)
			RebuildScriptCaches (42ms)
			SetupLoadedEditorAssemblies (285ms)
				LogAssemblyErrors (0ms)
				InitializePlatformSupportModulesInManaged (9ms)
				SetLoadedEditorAssemblies (0ms)
				RefreshPlugins (103ms)
				BeforeProcessingInitializeOnLoad (1ms)
				ProcessInitializeOnLoadAttributes (131ms)
				ProcessInitializeOnLoadMethodAttributes (41ms)
				AfterProcessingInitializeOnLoad (0ms)
				EditorAssembliesLoaded (0ms)
			ExecutionOrderSort2 (0ms)
			AwakeInstancesAfterBackupRestoration (0ms)
Platform modules already initialized, skipping
Registering precompiled user dll's ...
Registered in 0.011456 seconds.
Begin MonoManager ReloadAssembly
Symbol file LoadedFromMemory doesn't match image C:\Users\aquil\unity\hci - Copy - Copy\Library\PackageCache\com.unity.visualscripting@1.7.8\Editor\VisualScripting.Core\Dependencies\YamlDotNet\Unity.VisualScripting.YamlDotNet.dll
Symbol file LoadedFromMemory doesn't match image C:\Users\aquil\unity\hci - Copy - Copy\Library\PackageCache\com.unity.visualscripting@1.7.8\Editor\VisualScripting.Core\Dependencies\DotNetZip\Unity.VisualScripting.IonicZip.dll
Native extension for WindowsStandalone target not found
Native extension for WebGL target not found
Refreshing native plugins compatible for Editor in 92.13 ms, found 9 plugins.
Preloading 0 native plugins for Editor in 0.00 ms.
Mono: successfully reloaded assembly
- Completed reload, in  1.404 seconds
Domain Reload Profiling:
	ReloadAssembly (1405ms)
		BeginReloadAssembly (110ms)
			ExecutionOrderSort (0ms)
			DisableScriptedObjects (6ms)
			BackupInstance (0ms)
			ReleaseScriptingObjects (0ms)
			CreateAndSetChildDomain (16ms)
		EndReloadAssembly (1180ms)
			LoadAssemblies (255ms)
			RebuildTransferFunctionScriptingTraits (0ms)
			SetupTypeCache (284ms)
			ReleaseScriptCaches (1ms)
			RebuildScriptCaches (53ms)
			SetupLoadedEditorAssemblies (550ms)
				LogAssemblyErrors (0ms)
				InitializePlatformSupportModulesInManaged (6ms)
				SetLoadedEditorAssemblies (0ms)
				RefreshPlugins (92ms)
				BeforeProcessingInitializeOnLoad (102ms)
				ProcessInitializeOnLoadAttributes (260ms)
				ProcessInitializeOnLoadMethodAttributes (80ms)
				AfterProcessingInitializeOnLoad (9ms)
				EditorAssembliesLoaded (0ms)
			ExecutionOrderSort2 (0ms)
			AwakeInstancesAfterBackupRestoration (5ms)
Platform modules already initialized, skipping
========================================================================
Worker process is ready to serve import requests
Launched and connected shader compiler UnityShaderCompiler.exe after 0.07 seconds
Refreshing native plugins compatible for Editor in 1.43 ms, found 9 plugins.
Preloading 0 native plugins for Editor in 0.00 ms.
Unloading 4686 Unused Serialized files (Serialized files now loaded: 0)
Unloading 53 unused Assets / (30.2 KB). Loaded Objects now: 5160.
Memory consumption went from 196.5 MB to 196.5 MB.
Total: 3.627300 ms (FindLiveObjects: 0.332600 ms CreateObjectMapping: 0.272600 ms MarkObjects: 2.989600 ms  DeleteObjects: 0.031600 ms)

AssetImportParameters requested are different than current active one (requested -> active):
  custom:video-decoder-ogg-theora: a1e56fd34408186e4bbccfd4996cb3dc -> 
  custom:container-muxer-webm: aa71ff27fc2769a1b78a27578f13a17b -> 
  custom:container-demuxer-webm: 4f35f7cbe854078d1ac9338744f61a02 -> 
  custom:video-encoder-webm-vp8: eb34c28f22e8b96e1ab97ce403110664 -> 
  custom:video-codec-MediaFoundation-h265: 746d11721c4dcdbdad8f713fa42b33f4 -> 
  custom:audio-encoder-webm-vorbis: bf7c407c2cedff20999df2af8eb42d56 -> 
  custom:framework-win-MediaFoundation: 216162199b28c13a410421893ffa2e32 -> 
  custom:container-demuxer-ogg: 62fdf1f143b41e24485cea50d1cbac27 -> 
  custom:video-decoder-webm-vp8: 9c59270c3fd7afecdb556c50c9e8de78 -> 
  custom:audio-decoder-ogg-vorbis: bf7c407c2cedff20999df2af8eb42d56 -> 
========================================================================
Received Import Request.
  Time since last request: 5607.783222 seconds.
  path: Assets/KinectView/LateralStretch.unity
  artifactKey: Guid(203b55195cfb5f342be0494a6eb2c1d8) Importer(815301076,1909f56bfc062723c751e8b465ee728b)
Start importing Assets/KinectView/LateralStretch.unity using Guid(203b55195cfb5f342be0494a6eb2c1d8) Importer(815301076,1909f56bfc062723c751e8b465ee728b)  -> (artifact id: '7bb01a75030187c9418983bef505150f') in 0.008020 seconds 
========================================================================
Received Import Request.
  Time since last request: 386.013213 seconds.
  path: Assets/Prefabs/LateralStretch_Light_Flip.prefab
  artifactKey: Guid(0efc5cca3c39db44ab35a07466382676) Importer(815301076,1909f56bfc062723c751e8b465ee728b)
Start importing Assets/Prefabs/LateralStretch_Light_Flip.prefab using Guid(0efc5cca3c39db44ab35a07466382676) Importer(815301076,1909f56bfc062723c751e8b465ee728b)  -> (artifact id: 'f5e64c116bd7c06709096e730a754e6f') in 0.093166 seconds 
========================================================================
Received Import Request.
  Time since last request: 14.308019 seconds.
  path: Assets/Prefabs/LateralStretch_Light_Flip.prefab
  artifactKey: Guid(0efc5cca3c39db44ab35a07466382676) Importer(815301076,1909f56bfc062723c751e8b465ee728b)
Start importing Assets/Prefabs/LateralStretch_Light_Flip.prefab using Guid(0efc5cca3c39db44ab35a07466382676) Importer(815301076,1909f56bfc062723c751e8b465ee728b)  -> (artifact id: '96cf25303f875f50c235039285ac1288') in 0.016685 seconds 
========================================================================
Received Import Request.
  Time since last request: 4.963404 seconds.
  path: Assets/Prefabs/LateralStretch_Light_Flip.prefab
  artifactKey: Guid(0efc5cca3c39db44ab35a07466382676) Importer(815301076,1909f56bfc062723c751e8b465ee728b)
Start importing Assets/Prefabs/LateralStretch_Light_Flip.prefab using Guid(0efc5cca3c39db44ab35a07466382676) Importer(815301076,1909f56bfc062723c751e8b465ee728b)  -> (artifact id: '5028407ba8391c6da6409863af1c7b1f') in 0.017787 seconds 
========================================================================
Received Import Request.
  Time since last request: 7.313009 seconds.
  path: Assets/Prefabs/LateralStretch_Light_Flip.prefab
  artifactKey: Guid(0efc5cca3c39db44ab35a07466382676) Importer(815301076,1909f56bfc062723c751e8b465ee728b)
Start importing Assets/Prefabs/LateralStretch_Light_Flip.prefab using Guid(0efc5cca3c39db44ab35a07466382676) Importer(815301076,1909f56bfc062723c751e8b465ee728b)  -> (artifact id: '97f58e8adc06cad05d9da5667798225d') in 0.020087 seconds 
========================================================================
Received Import Request.
  Time since last request: 7.359875 seconds.
  path: Assets/Prefabs/LateralStretch_Light_Flip.prefab
  artifactKey: Guid(0efc5cca3c39db44ab35a07466382676) Importer(815301076,1909f56bfc062723c751e8b465ee728b)
Start importing Assets/Prefabs/LateralStretch_Light_Flip.prefab using Guid(0efc5cca3c39db44ab35a07466382676) Importer(815301076,1909f56bfc062723c751e8b465ee728b)  -> (artifact id: '1376d7a4640cd7010ebdb88630ffe95b') in 0.023977 seconds 
========================================================================
Received Import Request.
  Time since last request: 4.630594 seconds.
  path: Assets/Prefabs/LateralStretch_Light_Flip.prefab
  artifactKey: Guid(0efc5cca3c39db44ab35a07466382676) Importer(815301076,1909f56bfc062723c751e8b465ee728b)
Start importing Assets/Prefabs/LateralStretch_Light_Flip.prefab using Guid(0efc5cca3c39db44ab35a07466382676) Importer(815301076,1909f56bfc062723c751e8b465ee728b)  -> (artifact id: 'aa8e0bd214dfeb74abab6b8429f59d60') in 0.019916 seconds 
========================================================================
Received Import Request.
  Time since last request: 5.143058 seconds.
  path: Assets/Prefabs/LateralStretch_Light_Flip.prefab
  artifactKey: Guid(0efc5cca3c39db44ab35a07466382676) Importer(815301076,1909f56bfc062723c751e8b465ee728b)
Start importing Assets/Prefabs/LateralStretch_Light_Flip.prefab using Guid(0efc5cca3c39db44ab35a07466382676) Importer(815301076,1909f56bfc062723c751e8b465ee728b)  -> (artifact id: '9f249b9b0c22d896cb9ead0105506f51') in 0.019974 seconds 
========================================================================
Received Import Request.
  Time since last request: 6.282563 seconds.
  path: Assets/Prefabs/LateralStretch_Light_Flip.prefab
  artifactKey: Guid(0efc5cca3c39db44ab35a07466382676) Importer(815301076,1909f56bfc062723c751e8b465ee728b)
Start importing Assets/Prefabs/LateralStretch_Light_Flip.prefab using Guid(0efc5cca3c39db44ab35a07466382676) Importer(815301076,1909f56bfc062723c751e8b465ee728b)  -> (artifact id: '704b8cfe34c4e912995ae6af201a44b6') in 0.017210 seconds 
========================================================================
Received Import Request.
  Time since last request: 5.387835 seconds.
  path: Assets/Prefabs/LateralStretch_Light_Flip.prefab
  artifactKey: Guid(0efc5cca3c39db44ab35a07466382676) Importer(815301076,1909f56bfc062723c751e8b465ee728b)
Start importing Assets/Prefabs/LateralStretch_Light_Flip.prefab using Guid(0efc5cca3c39db44ab35a07466382676) Importer(815301076,1909f56bfc062723c751e8b465ee728b)  -> (artifact id: '96a07becc4191794f968bbb01e5b8e45') in 0.016047 seconds 
========================================================================
Received Import Request.
  Time since last request: 5.146453 seconds.
  path: Assets/Prefabs/LateralStretch_Light_Flip.prefab
  artifactKey: Guid(0efc5cca3c39db44ab35a07466382676) Importer(815301076,1909f56bfc062723c751e8b465ee728b)
Start importing Assets/Prefabs/LateralStretch_Light_Flip.prefab using Guid(0efc5cca3c39db44ab35a07466382676) Importer(815301076,1909f56bfc062723c751e8b465ee728b)  -> (artifact id: '9eb8cff6e66dff57a8c3abb67061aa84') in 0.017493 seconds 
========================================================================
Received Import Request.
  Time since last request: 4.114270 seconds.
  path: Assets/Prefabs/LateralStretch_Light_Flip.prefab
  artifactKey: Guid(0efc5cca3c39db44ab35a07466382676) Importer(815301076,1909f56bfc062723c751e8b465ee728b)
Start importing Assets/Prefabs/LateralStretch_Light_Flip.prefab using Guid(0efc5cca3c39db44ab35a07466382676) Importer(815301076,1909f56bfc062723c751e8b465ee728b)  -> (artifact id: 'ed89079ddf3e88ddf3676cfc46ca590c') in 0.021519 seconds 
========================================================================
Received Import Request.
  Time since last request: 20.975062 seconds.
  path: Assets/Prefabs/LateralStretch_Light_Flip.prefab
  artifactKey: Guid(0efc5cca3c39db44ab35a07466382676) Importer(815301076,1909f56bfc062723c751e8b465ee728b)
Start importing Assets/Prefabs/LateralStretch_Light_Flip.prefab using Guid(0efc5cca3c39db44ab35a07466382676) Importer(815301076,1909f56bfc062723c751e8b465ee728b)  -> (artifact id: '5c3299f92320bb9f183213862187d3f9') in 0.019157 seconds 
========================================================================
Received Import Request.
  Time since last request: 6.140448 seconds.
  path: Assets/Prefabs/LateralStretch_Light_Flip.prefab
  artifactKey: Guid(0efc5cca3c39db44ab35a07466382676) Importer(815301076,1909f56bfc062723c751e8b465ee728b)
Start importing Assets/Prefabs/LateralStretch_Light_Flip.prefab using Guid(0efc5cca3c39db44ab35a07466382676) Importer(815301076,1909f56bfc062723c751e8b465ee728b)  -> (artifact id: 'f0e88df98bfdeb828fb62c686cfd0f69') in 0.029863 seconds 
========================================================================
Received Import Request.
  Time since last request: 6.250953 seconds.
  path: Assets/Prefabs/LateralStretch_Light_Flip.prefab
  artifactKey: Guid(0efc5cca3c39db44ab35a07466382676) Importer(815301076,1909f56bfc062723c751e8b465ee728b)
Start importing Assets/Prefabs/LateralStretch_Light_Flip.prefab using Guid(0efc5cca3c39db44ab35a07466382676) Importer(815301076,1909f56bfc062723c751e8b465ee728b)  -> (artifact id: 'b64eafa1758225e5c102514cebcb6725') in 0.014958 seconds 
========================================================================
Received Import Request.
  Time since last request: 3.472535 seconds.
  path: Assets/Prefabs/LateralStretch_Light_Flip.prefab
  artifactKey: Guid(0efc5cca3c39db44ab35a07466382676) Importer(815301076,1909f56bfc062723c751e8b465ee728b)
Start importing Assets/Prefabs/LateralStretch_Light_Flip.prefab using Guid(0efc5cca3c39db44ab35a07466382676) Importer(815301076,1909f56bfc062723c751e8b465ee728b)  -> (artifact id: '260032851d8d8ca6e02cef729694c0e4') in 0.018741 seconds 
========================================================================
Received Import Request.
  Time since last request: 3.818208 seconds.
  path: Assets/Prefabs/LateralStretch_Light_Flip.prefab
  artifactKey: Guid(0efc5cca3c39db44ab35a07466382676) Importer(815301076,1909f56bfc062723c751e8b465ee728b)
Start importing Assets/Prefabs/LateralStretch_Light_Flip.prefab using Guid(0efc5cca3c39db44ab35a07466382676) Importer(815301076,1909f56bfc062723c751e8b465ee728b)  -> (artifact id: 'a3040249aa853e7b26dd3428606197aa') in 0.017535 seconds 
========================================================================
Received Import Request.
  Time since last request: 7.190380 seconds.
  path: Assets/Prefabs/LateralStretch_Light_Flip.prefab
  artifactKey: Guid(0efc5cca3c39db44ab35a07466382676) Importer(815301076,1909f56bfc062723c751e8b465ee728b)
Start importing Assets/Prefabs/LateralStretch_Light_Flip.prefab using Guid(0efc5cca3c39db44ab35a07466382676) Importer(815301076,1909f56bfc062723c751e8b465ee728b)  -> (artifact id: 'c891705866da2285c8f210154fabe52d') in 0.022787 seconds 
========================================================================
Received Import Request.
  Time since last request: 6.807156 seconds.
  path: Assets/Prefabs/LateralStretch_Light_Flip.prefab
  artifactKey: Guid(0efc5cca3c39db44ab35a07466382676) Importer(815301076,1909f56bfc062723c751e8b465ee728b)
Start importing Assets/Prefabs/LateralStretch_Light_Flip.prefab using Guid(0efc5cca3c39db44ab35a07466382676) Importer(815301076,1909f56bfc062723c751e8b465ee728b)  -> (artifact id: 'a37660f99e785bef56dc9e2b9dabdc67') in 0.022169 seconds 
========================================================================
Received Import Request.
  Time since last request: 3.824110 seconds.
  path: Assets/Prefabs/LateralStretch_Light_Flip.prefab
  artifactKey: Guid(0efc5cca3c39db44ab35a07466382676) Importer(815301076,1909f56bfc062723c751e8b465ee728b)
Start importing Assets/Prefabs/LateralStretch_Light_Flip.prefab using Guid(0efc5cca3c39db44ab35a07466382676) Importer(815301076,1909f56bfc062723c751e8b465ee728b)  -> (artifact id: 'fe751e6d85630bb2ca74ef8160f584ba') in 0.018041 seconds 
========================================================================
Received Import Request.
  Time since last request: 10.592943 seconds.
  path: Assets/Prefabs/LateralStretch_Light_Flip.prefab
  artifactKey: Guid(0efc5cca3c39db44ab35a07466382676) Importer(815301076,1909f56bfc062723c751e8b465ee728b)
Start importing Assets/Prefabs/LateralStretch_Light_Flip.prefab using Guid(0efc5cca3c39db44ab35a07466382676) Importer(815301076,1909f56bfc062723c751e8b465ee728b)  -> (artifact id: '8afa5c247d3c3e74aba08738518b2ef2') in 0.023639 seconds 
========================================================================
Received Import Request.
  Time since last request: 3.066677 seconds.
  path: Assets/Prefabs/LateralStretch_Light_Flip.prefab
  artifactKey: Guid(0efc5cca3c39db44ab35a07466382676) Importer(815301076,1909f56bfc062723c751e8b465ee728b)
Start importing Assets/Prefabs/LateralStretch_Light_Flip.prefab using Guid(0efc5cca3c39db44ab35a07466382676) Importer(815301076,1909f56bfc062723c751e8b465ee728b)  -> (artifact id: '25b9ac8ba66fc53e51106751f4ae7bb3') in 0.014833 seconds 
========================================================================
Received Import Request.
  Time since last request: 3.637746 seconds.
  path: Assets/Prefabs/LateralStretch_Light_Flip.prefab
  artifactKey: Guid(0efc5cca3c39db44ab35a07466382676) Importer(815301076,1909f56bfc062723c751e8b465ee728b)
Start importing Assets/Prefabs/LateralStretch_Light_Flip.prefab using Guid(0efc5cca3c39db44ab35a07466382676) Importer(815301076,1909f56bfc062723c751e8b465ee728b)  -> (artifact id: 'cbc42eac5f8146faf5e15ff8baf877db') in 0.022213 seconds 
========================================================================
Received Import Request.
  Time since last request: 3.810471 seconds.
  path: Assets/Prefabs/LateralStretch_Light_Flip.prefab
  artifactKey: Guid(0efc5cca3c39db44ab35a07466382676) Importer(815301076,1909f56bfc062723c751e8b465ee728b)
Start importing Assets/Prefabs/LateralStretch_Light_Flip.prefab using Guid(0efc5cca3c39db44ab35a07466382676) Importer(815301076,1909f56bfc062723c751e8b465ee728b)  -> (artifact id: 'dc60d1dc4d978188d7b7b3c5c194167d') in 0.017590 seconds 
========================================================================
Received Import Request.
  Time since last request: 3.239121 seconds.
  path: Assets/Prefabs/LateralStretch_Light_Flip.prefab
  artifactKey: Guid(0efc5cca3c39db44ab35a07466382676) Importer(815301076,1909f56bfc062723c751e8b465ee728b)
Start importing Assets/Prefabs/LateralStretch_Light_Flip.prefab using Guid(0efc5cca3c39db44ab35a07466382676) Importer(815301076,1909f56bfc062723c751e8b465ee728b)  -> (artifact id: 'bb98963e8439d2f51242cf730b658342') in 0.018125 seconds 
========================================================================
Received Import Request.
  Time since last request: 4.875588 seconds.
  path: Assets/Prefabs/LateralStretch_Light_Flip.prefab
  artifactKey: Guid(0efc5cca3c39db44ab35a07466382676) Importer(815301076,1909f56bfc062723c751e8b465ee728b)
Start importing Assets/Prefabs/LateralStretch_Light_Flip.prefab using Guid(0efc5cca3c39db44ab35a07466382676) Importer(815301076,1909f56bfc062723c751e8b465ee728b)  -> (artifact id: '8f453ee94823b779ff332381ee47426e') in 0.019492 seconds 
========================================================================
Received Import Request.
  Time since last request: 5.533956 seconds.
  path: Assets/Prefabs/LateralStretch_Light_Flip.prefab
  artifactKey: Guid(0efc5cca3c39db44ab35a07466382676) Importer(815301076,1909f56bfc062723c751e8b465ee728b)
Start importing Assets/Prefabs/LateralStretch_Light_Flip.prefab using Guid(0efc5cca3c39db44ab35a07466382676) Importer(815301076,1909f56bfc062723c751e8b465ee728b)  -> (artifact id: 'abb059bdeb2a3b5b1dd5b23f0f211aa0') in 0.018506 seconds 
========================================================================
Received Import Request.
  Time since last request: 8.042964 seconds.
  path: Assets/Prefabs/LateralStretch_Light_Flip.prefab
  artifactKey: Guid(0efc5cca3c39db44ab35a07466382676) Importer(815301076,1909f56bfc062723c751e8b465ee728b)
Start importing Assets/Prefabs/LateralStretch_Light_Flip.prefab using Guid(0efc5cca3c39db44ab35a07466382676) Importer(815301076,1909f56bfc062723c751e8b465ee728b)  -> (artifact id: 'dff1afc22a30808a19579ed50107cddc') in 0.017053 seconds 
========================================================================
Received Import Request.
  Time since last request: 3.421561 seconds.
  path: Assets/Prefabs/LateralStretch_Light_Flip.prefab
  artifactKey: Guid(0efc5cca3c39db44ab35a07466382676) Importer(815301076,1909f56bfc062723c751e8b465ee728b)
Start importing Assets/Prefabs/LateralStretch_Light_Flip.prefab using Guid(0efc5cca3c39db44ab35a07466382676) Importer(815301076,1909f56bfc062723c751e8b465ee728b)  -> (artifact id: '5906a920e3c773673166957ea0a26a36') in 0.020894 seconds 
========================================================================
Received Import Request.
  Time since last request: 4.282320 seconds.
  path: Assets/Prefabs/LateralStretch_Light_Flip.prefab
  artifactKey: Guid(0efc5cca3c39db44ab35a07466382676) Importer(815301076,1909f56bfc062723c751e8b465ee728b)
Start importing Assets/Prefabs/LateralStretch_Light_Flip.prefab using Guid(0efc5cca3c39db44ab35a07466382676) Importer(815301076,1909f56bfc062723c751e8b465ee728b)  -> (artifact id: '46d3c2c58237f8ae14187451bd3523f9') in 0.016412 seconds 
========================================================================
Received Import Request.
  Time since last request: 3.495524 seconds.
  path: Assets/Prefabs/LateralStretch_Light_Flip.prefab
  artifactKey: Guid(0efc5cca3c39db44ab35a07466382676) Importer(815301076,1909f56bfc062723c751e8b465ee728b)
Start importing Assets/Prefabs/LateralStretch_Light_Flip.prefab using Guid(0efc5cca3c39db44ab35a07466382676) Importer(815301076,1909f56bfc062723c751e8b465ee728b)  -> (artifact id: '175113e4b10ca65c523612d833055e44') in 0.017351 seconds 
========================================================================
Received Import Request.
  Time since last request: 5.552652 seconds.
  path: Assets/Prefabs/LateralStretch_Light_Flip.prefab
  artifactKey: Guid(0efc5cca3c39db44ab35a07466382676) Importer(815301076,1909f56bfc062723c751e8b465ee728b)
Start importing Assets/Prefabs/LateralStretch_Light_Flip.prefab using Guid(0efc5cca3c39db44ab35a07466382676) Importer(815301076,1909f56bfc062723c751e8b465ee728b)  -> (artifact id: '65c8402686411a3ee8f4ee415d291191') in 0.018957 seconds 
========================================================================
Received Import Request.
  Time since last request: 5.152773 seconds.
  path: Assets/Prefabs/LateralStretch_Light_Flip.prefab
  artifactKey: Guid(0efc5cca3c39db44ab35a07466382676) Importer(815301076,1909f56bfc062723c751e8b465ee728b)
Start importing Assets/Prefabs/LateralStretch_Light_Flip.prefab using Guid(0efc5cca3c39db44ab35a07466382676) Importer(815301076,1909f56bfc062723c751e8b465ee728b)  -> (artifact id: 'e89770c7a755e5ea7c183a649e8d41bf') in 0.020592 seconds 
========================================================================
Received Import Request.
  Time since last request: 3.589021 seconds.
  path: Assets/Prefabs/LateralStretch_Light_Flip.prefab
  artifactKey: Guid(0efc5cca3c39db44ab35a07466382676) Importer(815301076,1909f56bfc062723c751e8b465ee728b)
Start importing Assets/Prefabs/LateralStretch_Light_Flip.prefab using Guid(0efc5cca3c39db44ab35a07466382676) Importer(815301076,1909f56bfc062723c751e8b465ee728b)  -> (artifact id: '3e2ec95b3f66cc67728691607a037494') in 0.015981 seconds 
========================================================================
Received Import Request.
  Time since last request: 4.526748 seconds.
  path: Assets/Prefabs/LateralStretch_Light_Flip.prefab
  artifactKey: Guid(0efc5cca3c39db44ab35a07466382676) Importer(815301076,1909f56bfc062723c751e8b465ee728b)
Start importing Assets/Prefabs/LateralStretch_Light_Flip.prefab using Guid(0efc5cca3c39db44ab35a07466382676) Importer(815301076,1909f56bfc062723c751e8b465ee728b)  -> (artifact id: '41f7b6350780c9152c5ec5a76029a99c') in 0.023000 seconds 
========================================================================
Received Import Request.
  Time since last request: 2.404614 seconds.
  path: Assets/Prefabs/LateralStretch_Light_Flip.prefab
  artifactKey: Guid(0efc5cca3c39db44ab35a07466382676) Importer(815301076,1909f56bfc062723c751e8b465ee728b)
Start importing Assets/Prefabs/LateralStretch_Light_Flip.prefab using Guid(0efc5cca3c39db44ab35a07466382676) Importer(815301076,1909f56bfc062723c751e8b465ee728b)  -> (artifact id: 'a37b38b0883836317be017031428226a') in 0.014419 seconds 
========================================================================
Received Import Request.
  Time since last request: 2.830487 seconds.
  path: Assets/Prefabs/LateralStretch_Light_Flip.prefab
  artifactKey: Guid(0efc5cca3c39db44ab35a07466382676) Importer(815301076,1909f56bfc062723c751e8b465ee728b)
Start importing Assets/Prefabs/LateralStretch_Light_Flip.prefab using Guid(0efc5cca3c39db44ab35a07466382676) Importer(815301076,1909f56bfc062723c751e8b465ee728b)  -> (artifact id: 'a47fdb794b376b36a926e932a5c789ff') in 0.022892 seconds 
========================================================================
Received Import Request.
  Time since last request: 4.636316 seconds.
  path: Assets/Prefabs/LateralStretch_Light_Flip.prefab
  artifactKey: Guid(0efc5cca3c39db44ab35a07466382676) Importer(815301076,1909f56bfc062723c751e8b465ee728b)
Start importing Assets/Prefabs/LateralStretch_Light_Flip.prefab using Guid(0efc5cca3c39db44ab35a07466382676) Importer(815301076,1909f56bfc062723c751e8b465ee728b)  -> (artifact id: '41880ef5bd7e0843dc354702206c55a1') in 0.017844 seconds 
========================================================================
Received Import Request.
  Time since last request: 4.913013 seconds.
  path: Assets/Prefabs/LateralStretch_Light_Flip.prefab
  artifactKey: Guid(0efc5cca3c39db44ab35a07466382676) Importer(815301076,1909f56bfc062723c751e8b465ee728b)
Start importing Assets/Prefabs/LateralStretch_Light_Flip.prefab using Guid(0efc5cca3c39db44ab35a07466382676) Importer(815301076,1909f56bfc062723c751e8b465ee728b)  -> (artifact id: 'e7274a48166b94b2ab3dc7a2da255835') in 0.014376 seconds 
========================================================================
Received Import Request.
  Time since last request: 185.530093 seconds.
  path: ProjectSettings/TagManager.asset
  artifactKey: Guid(00000000000000003000000000000000) Importer(815301076,1909f56bfc062723c751e8b465ee728b)
Start importing ProjectSettings/TagManager.asset using Guid(00000000000000003000000000000000) Importer(815301076,1909f56bfc062723c751e8b465ee728b)  -> (artifact id: '0d502f15b9619342c88f5e1508fcceec') in 0.008146 seconds 
========================================================================
Received Prepare
Registering precompiled user dll's ...
Registered in 0.012050 seconds.
Begin MonoManager ReloadAssembly
Symbol file LoadedFromMemory doesn't match image C:\Users\aquil\unity\hci - Copy - Copy\Library\PackageCache\com.unity.visualscripting@1.7.8\Editor\VisualScripting.Core\Dependencies\YamlDotNet\Unity.VisualScripting.YamlDotNet.dll
Symbol file LoadedFromMemory doesn't match image C:\Users\aquil\unity\hci - Copy - Copy\Library\PackageCache\com.unity.visualscripting@1.7.8\Editor\VisualScripting.Core\Dependencies\DotNetZip\Unity.VisualScripting.IonicZip.dll
Native extension for WindowsStandalone target not found
Native extension for WebGL target not found
Refreshing native plugins compatible for Editor in 0.81 ms, found 9 plugins.
Preloading 0 native plugins for Editor in 0.00 ms.
Mono: successfully reloaded assembly
- Completed reload, in  1.140 seconds
Domain Reload Profiling:
	ReloadAssembly (1141ms)
		BeginReloadAssembly (165ms)
			ExecutionOrderSort (0ms)
			DisableScriptedObjects (7ms)
			BackupInstance (0ms)
			ReleaseScriptingObjects (0ms)
			CreateAndSetChildDomain (46ms)
		EndReloadAssembly (866ms)
			LoadAssemblies (120ms)
			RebuildTransferFunctionScriptingTraits (0ms)
			SetupTypeCache (281ms)
			ReleaseScriptCaches (2ms)
			RebuildScriptCaches (44ms)
			SetupLoadedEditorAssemblies (387ms)
				LogAssemblyErrors (0ms)
				InitializePlatformSupportModulesInManaged (17ms)
				SetLoadedEditorAssemblies (1ms)
				RefreshPlugins (1ms)
				BeforeProcessingInitializeOnLoad (78ms)
				ProcessInitializeOnLoadAttributes (247ms)
				ProcessInitializeOnLoadMethodAttributes (35ms)
				AfterProcessingInitializeOnLoad (9ms)
				EditorAssembliesLoaded (0ms)
			ExecutionOrderSort2 (0ms)
			AwakeInstancesAfterBackupRestoration (8ms)
Platform modules already initialized, skipping
Refreshing native plugins compatible for Editor in 6.12 ms, found 9 plugins.
Preloading 0 native plugins for Editor in 0.00 ms.
Unloading 4661 Unused Serialized files (Serialized files now loaded: 0)
Unloading 40 unused Assets / (24.6 KB). Loaded Objects now: 5171.
Memory consumption went from 198.8 MB to 198.8 MB.
Total: 3.853700 ms (FindLiveObjects: 0.297500 ms CreateObjectMapping: 0.282000 ms MarkObjects: 3.210900 ms  DeleteObjects: 0.062200 ms)

AssetImportParameters requested are different than current active one (requested -> active):
  custom:video-decoder-ogg-theora: a1e56fd34408186e4bbccfd4996cb3dc -> 
  custom:container-muxer-webm: aa71ff27fc2769a1b78a27578f13a17b -> 
  custom:container-demuxer-webm: 4f35f7cbe854078d1ac9338744f61a02 -> 
  custom:video-encoder-webm-vp8: eb34c28f22e8b96e1ab97ce403110664 -> 
  custom:video-codec-MediaFoundation-h265: 746d11721c4dcdbdad8f713fa42b33f4 -> 
  custom:audio-encoder-webm-vorbis: bf7c407c2cedff20999df2af8eb42d56 -> 
  custom:framework-win-MediaFoundation: 216162199b28c13a410421893ffa2e32 -> 
  custom:container-demuxer-ogg: 62fdf1f143b41e24485cea50d1cbac27 -> 
  custom:video-decoder-webm-vp8: 9c59270c3fd7afecdb556c50c9e8de78 -> 
  custom:audio-decoder-ogg-vorbis: bf7c407c2cedff20999df2af8eb42d56 -> 
========================================================================
Received Import Request.
  Time since last request: 899.322763 seconds.
  path: Assets/KinectView/MainScene.unity
  artifactKey: Guid(65f1855b0e763af4aa84d453e0e64770) Importer(815301076,1909f56bfc062723c751e8b465ee728b)
Start importing Assets/KinectView/MainScene.unity using Guid(65f1855b0e763af4aa84d453e0e64770) Importer(815301076,1909f56bfc062723c751e8b465ee728b)  -> (artifact id: '7734a58632bc1fe5f96207a4550a816f') in 0.012585 seconds 
========================================================================
Received Prepare
Refreshing native plugins compatible for Editor in 13.78 ms, found 9 plugins.
Preloading 0 native plugins for Editor in 0.00 ms.
Unloading 39 Unused Serialized files (Serialized files now loaded: 0)
Unloading 39 unused Assets / (21.9 KB). Loaded Objects now: 5171.
Memory consumption went from 106.4 MB to 106.3 MB.
Total: 4.923200 ms (FindLiveObjects: 0.375200 ms CreateObjectMapping: 0.370500 ms MarkObjects: 4.131000 ms  DeleteObjects: 0.045700 ms)

AssetImportParameters requested are different than current active one (requested -> active):
  custom:video-decoder-ogg-theora: a1e56fd34408186e4bbccfd4996cb3dc -> 
  custom:container-muxer-webm: aa71ff27fc2769a1b78a27578f13a17b -> 
  custom:container-demuxer-webm: 4f35f7cbe854078d1ac9338744f61a02 -> 
  custom:video-encoder-webm-vp8: eb34c28f22e8b96e1ab97ce403110664 -> 
  custom:video-codec-MediaFoundation-h265: 746d11721c4dcdbdad8f713fa42b33f4 -> 
  custom:audio-encoder-webm-vorbis: bf7c407c2cedff20999df2af8eb42d56 -> 
  custom:framework-win-MediaFoundation: 216162199b28c13a410421893ffa2e32 -> 
  custom:container-demuxer-ogg: 62fdf1f143b41e24485cea50d1cbac27 -> 
  custom:video-decoder-webm-vp8: 9c59270c3fd7afecdb556c50c9e8de78 -> 
  custom:audio-decoder-ogg-vorbis: bf7c407c2cedff20999df2af8eb42d56 -> 
========================================================================
Received Prepare
Refreshing native plugins compatible for Editor in 13.21 ms, found 9 plugins.
Preloading 0 native plugins for Editor in 0.00 ms.
Unloading 39 Unused Serialized files (Serialized files now loaded: 0)
Unloading 39 unused Assets / (22.9 KB). Loaded Objects now: 5171.
Memory consumption went from 106.4 MB to 106.3 MB.
Total: 3.985500 ms (FindLiveObjects: 0.454100 ms CreateObjectMapping: 0.341600 ms MarkObjects: 3.146100 ms  DeleteObjects: 0.042700 ms)

AssetImportParameters requested are different than current active one (requested -> active):
  custom:video-decoder-ogg-theora: a1e56fd34408186e4bbccfd4996cb3dc -> 
  custom:container-muxer-webm: aa71ff27fc2769a1b78a27578f13a17b -> 
  custom:container-demuxer-webm: 4f35f7cbe854078d1ac9338744f61a02 -> 
  custom:video-encoder-webm-vp8: eb34c28f22e8b96e1ab97ce403110664 -> 
  custom:video-codec-MediaFoundation-h265: 746d11721c4dcdbdad8f713fa42b33f4 -> 
  custom:audio-encoder-webm-vorbis: bf7c407c2cedff20999df2af8eb42d56 -> 
  custom:framework-win-MediaFoundation: 216162199b28c13a410421893ffa2e32 -> 
  custom:container-demuxer-ogg: 62fdf1f143b41e24485cea50d1cbac27 -> 
  custom:video-decoder-webm-vp8: 9c59270c3fd7afecdb556c50c9e8de78 -> 
  custom:audio-decoder-ogg-vorbis: bf7c407c2cedff20999df2af8eb42d56 -> 
========================================================================
Received Import Request.
  Time since last request: 960.097778 seconds.
  path: Assets/KinectView/LateralStretch.unity
  artifactKey: Guid(203b55195cfb5f342be0494a6eb2c1d8) Importer(815301076,1909f56bfc062723c751e8b465ee728b)
Start importing Assets/KinectView/LateralStretch.unity using Guid(203b55195cfb5f342be0494a6eb2c1d8) Importer(815301076,1909f56bfc062723c751e8b465ee728b)  -> (artifact id: 'f37fae8f03d4808cfb1bbe55f7332147') in 0.002961 seconds 
========================================================================
Received Import Request.
  Time since last request: 117.548668 seconds.
  path: ProjectSettings/TagManager.asset
  artifactKey: Guid(00000000000000003000000000000000) Importer(815301076,1909f56bfc062723c751e8b465ee728b)
Start importing ProjectSettings/TagManager.asset using Guid(00000000000000003000000000000000) Importer(815301076,1909f56bfc062723c751e8b465ee728b)  -> (artifact id: 'dba98f988d095f62862428a5c5ab3ca8') in 0.018223 seconds 
========================================================================
Received Prepare
Registering precompiled user dll's ...
Registered in 0.013701 seconds.
Begin MonoManager ReloadAssembly
Symbol file LoadedFromMemory doesn't match image C:\Users\aquil\unity\hci - Copy - Copy\Library\PackageCache\com.unity.visualscripting@1.7.8\Editor\VisualScripting.Core\Dependencies\YamlDotNet\Unity.VisualScripting.YamlDotNet.dll
Symbol file LoadedFromMemory doesn't match image C:\Users\aquil\unity\hci - Copy - Copy\Library\PackageCache\com.unity.visualscripting@1.7.8\Editor\VisualScripting.Core\Dependencies\DotNetZip\Unity.VisualScripting.IonicZip.dll
Native extension for WindowsStandalone target not found
Native extension for WebGL target not found
Refreshing native plugins compatible for Editor in 1.14 ms, found 9 plugins.
Preloading 0 native plugins for Editor in 0.00 ms.
Mono: successfully reloaded assembly
- Completed reload, in  1.130 seconds
Domain Reload Profiling:
	ReloadAssembly (1131ms)
		BeginReloadAssembly (151ms)
			ExecutionOrderSort (0ms)
			DisableScriptedObjects (7ms)
			BackupInstance (0ms)
			ReleaseScriptingObjects (0ms)
			CreateAndSetChildDomain (41ms)
		EndReloadAssembly (877ms)
			LoadAssemblies (113ms)
			RebuildTransferFunctionScriptingTraits (0ms)
			SetupTypeCache (287ms)
			ReleaseScriptCaches (2ms)
			RebuildScriptCaches (45ms)
			SetupLoadedEditorAssemblies (389ms)
				LogAssemblyErrors (0ms)
				InitializePlatformSupportModulesInManaged (16ms)
				SetLoadedEditorAssemblies (0ms)
				RefreshPlugins (1ms)
				BeforeProcessingInitializeOnLoad (86ms)
				ProcessInitializeOnLoadAttributes (236ms)
				ProcessInitializeOnLoadMethodAttributes (38ms)
				AfterProcessingInitializeOnLoad (11ms)
				EditorAssembliesLoaded (0ms)
			ExecutionOrderSort2 (0ms)
			AwakeInstancesAfterBackupRestoration (9ms)
Platform modules already initialized, skipping
Refreshing native plugins compatible for Editor in 6.75 ms, found 9 plugins.
Preloading 0 native plugins for Editor in 0.00 ms.
Unloading 4661 Unused Serialized files (Serialized files now loaded: 0)
Unloading 40 unused Assets / (25.8 KB). Loaded Objects now: 5174.
Memory consumption went from 198.8 MB to 198.8 MB.
Total: 4.957100 ms (FindLiveObjects: 0.333400 ms CreateObjectMapping: 0.277000 ms MarkObjects: 4.308000 ms  DeleteObjects: 0.038000 ms)

AssetImportParameters requested are different than current active one (requested -> active):
  custom:video-decoder-ogg-theora: a1e56fd34408186e4bbccfd4996cb3dc -> 
  custom:container-muxer-webm: aa71ff27fc2769a1b78a27578f13a17b -> 
  custom:container-demuxer-webm: 4f35f7cbe854078d1ac9338744f61a02 -> 
  custom:video-encoder-webm-vp8: eb34c28f22e8b96e1ab97ce403110664 -> 
  custom:video-codec-MediaFoundation-h265: 746d11721c4dcdbdad8f713fa42b33f4 -> 
  custom:audio-encoder-webm-vorbis: bf7c407c2cedff20999df2af8eb42d56 -> 
  custom:framework-win-MediaFoundation: 216162199b28c13a410421893ffa2e32 -> 
  custom:container-demuxer-ogg: 62fdf1f143b41e24485cea50d1cbac27 -> 
  custom:video-decoder-webm-vp8: 9c59270c3fd7afecdb556c50c9e8de78 -> 
  custom:audio-decoder-ogg-vorbis: bf7c407c2cedff20999df2af8eb42d56 -> 
========================================================================
Received Prepare
Refreshing native plugins compatible for Editor in 19.28 ms, found 9 plugins.
Preloading 0 native plugins for Editor in 0.00 ms.
Unloading 39 Unused Serialized files (Serialized files now loaded: 0)
Unloading 39 unused Assets / (22.9 KB). Loaded Objects now: 5174.
Memory consumption went from 106.4 MB to 106.3 MB.
Total: 5.574800 ms (FindLiveObjects: 0.455700 ms CreateObjectMapping: 0.528000 ms MarkObjects: 4.546300 ms  DeleteObjects: 0.044200 ms)

AssetImportParameters requested are different than current active one (requested -> active):
  custom:video-decoder-ogg-theora: a1e56fd34408186e4bbccfd4996cb3dc -> 
  custom:container-muxer-webm: aa71ff27fc2769a1b78a27578f13a17b -> 
  custom:container-demuxer-webm: 4f35f7cbe854078d1ac9338744f61a02 -> 
  custom:video-encoder-webm-vp8: eb34c28f22e8b96e1ab97ce403110664 -> 
  custom:video-codec-MediaFoundation-h265: 746d11721c4dcdbdad8f713fa42b33f4 -> 
  custom:audio-encoder-webm-vorbis: bf7c407c2cedff20999df2af8eb42d56 -> 
  custom:framework-win-MediaFoundation: 216162199b28c13a410421893ffa2e32 -> 
  custom:container-demuxer-ogg: 62fdf1f143b41e24485cea50d1cbac27 -> 
  custom:video-decoder-webm-vp8: 9c59270c3fd7afecdb556c50c9e8de78 -> 
  custom:audio-decoder-ogg-vorbis: bf7c407c2cedff20999df2af8eb42d56 -> 
========================================================================
Received Prepare
Refreshing native plugins compatible for Editor in 18.09 ms, found 9 plugins.
Preloading 0 native plugins for Editor in 0.00 ms.
Unloading 39 Unused Serialized files (Serialized files now loaded: 0)
Unloading 39 unused Assets / (21.9 KB). Loaded Objects now: 5174.
Memory consumption went from 106.4 MB to 106.3 MB.
Total: 6.095700 ms (FindLiveObjects: 0.512800 ms CreateObjectMapping: 0.453500 ms MarkObjects: 5.087700 ms  DeleteObjects: 0.040900 ms)

AssetImportParameters requested are different than current active one (requested -> active):
  custom:video-decoder-ogg-theora: a1e56fd34408186e4bbccfd4996cb3dc -> 
  custom:container-muxer-webm: aa71ff27fc2769a1b78a27578f13a17b -> 
  custom:container-demuxer-webm: 4f35f7cbe854078d1ac9338744f61a02 -> 
  custom:video-encoder-webm-vp8: eb34c28f22e8b96e1ab97ce403110664 -> 
  custom:video-codec-MediaFoundation-h265: 746d11721c4dcdbdad8f713fa42b33f4 -> 
  custom:audio-encoder-webm-vorbis: bf7c407c2cedff20999df2af8eb42d56 -> 
  custom:framework-win-MediaFoundation: 216162199b28c13a410421893ffa2e32 -> 
  custom:container-demuxer-ogg: 62fdf1f143b41e24485cea50d1cbac27 -> 
  custom:video-decoder-webm-vp8: 9c59270c3fd7afecdb556c50c9e8de78 -> 
  custom:audio-decoder-ogg-vorbis: bf7c407c2cedff20999df2af8eb42d56 -> 
========================================================================
Received Prepare
Refreshing native plugins compatible for Editor in 12.81 ms, found 9 plugins.
Preloading 0 native plugins for Editor in 0.00 ms.
Unloading 39 Unused Serialized files (Serialized files now loaded: 0)
Unloading 39 unused Assets / (21.9 KB). Loaded Objects now: 5174.
Memory consumption went from 106.4 MB to 106.4 MB.
Total: 3.117100 ms (FindLiveObjects: 0.308900 ms CreateObjectMapping: 0.240900 ms MarkObjects: 2.541800 ms  DeleteObjects: 0.024700 ms)

AssetImportParameters requested are different than current active one (requested -> active):
  custom:video-decoder-ogg-theora: a1e56fd34408186e4bbccfd4996cb3dc -> 
  custom:container-muxer-webm: aa71ff27fc2769a1b78a27578f13a17b -> 
  custom:container-demuxer-webm: 4f35f7cbe854078d1ac9338744f61a02 -> 
  custom:video-encoder-webm-vp8: eb34c28f22e8b96e1ab97ce403110664 -> 
  custom:video-codec-MediaFoundation-h265: 746d11721c4dcdbdad8f713fa42b33f4 -> 
  custom:audio-encoder-webm-vorbis: bf7c407c2cedff20999df2af8eb42d56 -> 
  custom:framework-win-MediaFoundation: 216162199b28c13a410421893ffa2e32 -> 
  custom:container-demuxer-ogg: 62fdf1f143b41e24485cea50d1cbac27 -> 
  custom:video-decoder-webm-vp8: 9c59270c3fd7afecdb556c50c9e8de78 -> 
  custom:audio-decoder-ogg-vorbis: bf7c407c2cedff20999df2af8eb42d56 -> 
